300 30000.00 -37.39553
301 30100.00 -36.03724
302 30200.00 -34.62956
303 30300.00 -33.17480
304 30400.00 -31.67522
305 30500.00 -30.13308
306 30600.00 -28.55065
307 30700.00 -26.93015
308 30800.00 -25.27384
309 30900.00 -23.58397
310 31000.00 -21.86277
311 31100.00 -20.11253
312 31200.00 -18.33550
313 31300.00 -16.53398
314 31400.00 -14.71030
315 31500.00 -12.86679
316 31600.00 -11.00584
317 31700.00 -9.12985
318 31800.00 -7.24129
319 31900.00 -5.34267
320 32000.00 -3.43655
321 32100.00 -1.52554
322 32200.00 0.38765
323 32300.00 2.30028
324 32400.00 4.20948
325 32500.00 6.11234
326 32600.00 8.00583
327 32700.00 9.88681
328 32800.00 11.75204
329 32900.00 13.59817
330 33000.00 15.42170
331 33100.00 17.21899
332 33200.00 18.98628
333 33300.00 20.71961
334 33400.00 22.41489
335 33500.00 24.06782
336 33600.00 25.67392
337 33700.00 27.22851
338 33800.00 28.72670
339 33900.00 30.16338
340 34000.00 31.53320
341 34100.00 32.83059
342 34200.00 34.04971
343 34300.00 35.18450
344 34400.00 36.22864
345 34500.00 37.17556
346 34600.00 38.01846
347 34700.00 38.75032
348 34800.00 39.36393
349 34900.00 39.85191
350 35000.00 40.20674
351 35100.00 40.42088
352 35200.00 40.48675
353 35300.00 40.39693
354 35400.00 40.14419
355 35500.00 39.72166
356 35600.00 39.12300
357 35700.00 38.34256
358 35800.00 37.37563
359 35900.00 36.21861
360 36000.00 34.86933
361 36100.00 33.32721
362 36200.00 31.59358
363 36300.00 29.67185
364 36400.00 27.56770
365 36500.00 25.28923
366 36600.00 22.84694
367 36700.00 20.25376
368 36800.00 17.52486
369 36900.00 14.67741
370 37000.00 11.73028
371 37100.00 8.70356
372 37200.00 5.61818
373 37300.00 2.49535
374 37400.00 -0.64387
375 37500.00 -3.77905
376 37600.00 -6.89076
377 37700.00 -9.96088
378 37800.00 -12.97286
379 37900.00 -15.91183
380 38000.00 -18.76473
381 38100.00 -21.52030
382 38200.00 -24.16902
383 38300.00 -26.70302
384 38400.00 -29.11603
385 38500.00 -31.40316
386 38600.00 -33.56080
387 38700.00 -35.58650
388 38800.00 -37.47876
389 38900.00 -39.23698
390 39000.00 -40.86125
391 39100.00 -42.35230
392 39200.00 -43.71139
393 39300.00 -44.94019
394 39400.00 -46.04071
395 39500.00 -47.01527
396 39600.00 -47.86638
397 39700.00 -48.59675
398 39800.00 -49.20921
399 39900.00 -49.70667
400 40000.00 -50.09213
401 40100.00 -50.36859
402 40200.00 -50.53912
403 40300.00 -50.60675
404 40400.00 -50.57453
405 40500.00 -50.44545
406 40600.00 -50.22252
407 40700.00 -49.90868
408 40800.00 -49.50682
409 40900.00 -49.01983
410 41000.00 -48.45052
411 41100.00 -47.80165
412 41200.00 -47.07596
413 41300.00 -46.27611
414 41400.00 -45.40474
415 41500.00 -44.46444
416 41600.00 -43.45775
417 41700.00 -42.38716
418 41800.00 -41.25515
419 41900.00 -40.06414
420 42000.00 -38.81652
421 42100.00 -37.51467
422 42200.00 -36.16091
423 42300.00 -34.75757
424 42400.00 -33.30693
425 42500.00 -31.81127
426 42600.00 -30.27285
427 42700.00 -28.69393
428 42800.00 -27.07675
429 42900.00 -25.42356
430 43000.00 -23.73660
431 43100.00 -22.01812
432 43200.00 -20.27038
433 43300.00 -18.49565
434 43400.00 -16.69624
435 43500.00 -14.87444
436 43600.00 -13.03261
437 43700.00 -11.17312
438 43800.00 -9.29838
439 43900.00 -7.41085
440 44000.00 -5.51303
441 44100.00 -3.60747
442 44200.00 -1.69679
443 44300.00 0.21632
444 44400.00 2.12911
445 44500.00 4.03874
446 44600.00 5.94229
447 44700.00 7.83674
448 44800.00 9.71897
449 44900.00 11.58575
450 45000.00 13.43373
451 45100.00 15.25942
452 45200.00 17.05922
453 45300.00 18.82935
454 45400.00 20.56589
455 45500.00 22.26475
456 45600.00 23.92164
457 45700.00 25.53213
458 45800.00 27.09153
459 45900.00 28.59497
460 46000.00 30.03738
461 46100.00 31.41341
462 46200.00 32.71752
463 46300.00 33.94389
464 46400.00 35.08649
465 46500.00 36.13901
466 46600.00 37.09490
467 46700.00 37.94740
468 46800.00 38.68950
469 46900.00 39.31400
470 47000.00 39.81353
471 47100.00 40.18059
472 47200.00 40.40763
473 47300.00 40.48709
474 47400.00 40.41151
475 47500.00 40.17365
476 47600.00 39.76659
477 47700.00 39.18394
478 47800.00 38.41999
479 47900.00 37.46992
480 48000.00 36.33003
481 48100.00 34.99801
482 48200.00 33.47314
483 48300.00 31.75655
484 48400.00 29.85147
485 48500.00 27.76336
486 48600.00 25.50010
487 48700.00 23.07199
488 48800.00 20.49174
489 48900.00 17.77432
490 49000.00 14.93674
491 49100.00 11.99773
492 49200.00 8.97730
493 49300.00 5.89630
494 49400.00 2.77596
495 49500.00 -0.36264
496 49600.00 -3.49899
497 49700.00 -6.61356
498 49800.00 -9.68811
499 49900.00 -12.70592
500 50000.00 -15.65198
501 50100.00 -18.51308
502 50200.00 -21.27778
503 50300.00 -23.93641
504 50400.00 -26.48097
505 50500.00 -28.90503
506 50600.00 -31.20359
507 50700.00 -33.37295
508 50800.00 -35.41053
509 50900.00 -37.31478
510 51000.00 -39.08500
511 51100.00 -40.72124
512 51200.00 -42.22419
513 51300.00 -43.59503
514 51400.00 -44.83541
515 51500.00 -45.94733
516 51600.00 -46.93307
517 51700.00 -47.79513
518 51800.00 -48.53620
519 51900.00 -49.15910
520 52000.00 -49.66674
521 52100.00 -50.06210
522 52200.00 -50.34820
523 52300.00 -50.52809
524 52400.00 -50.60481
525 52500.00 -50.58140
526 52600.00 -50.46088
527 52700.00 -50.24623
528 52800.00 -49.94041
529 52900.00 -49.54632
530 53000.00 -49.06684
531 53100.00 -48.50478
532 53200.00 -47.86293
533 53300.00 -47.14400
534 53400.00 -46.35069
535 53500.00 -45.48562
536 53600.00 -44.55139
537 53700.00 -43.55053
538 53800.00 -42.48557
539 53900.00 -41.35896
540 54000.00 -40.17313
541 54100.00 -38.93049
542 54200.00 -37.63339
543 54300.00 -36.28419
544 54400.00 -34.88519
545 54500.00 -33.43869
546 54600.00 -31.94697
547 54700.00 -30.41229
548 54800.00 -28.83691
549 54900.00 -27.22306
550 55000.00 -25.57301
551 55100.00 -23.88898
552 55200.00 -22.17323
553 55300.00 -20.42801
554 55400.00 -18.65561
555 55500.00 -16.85831
556 55600.00 -15.03843
557 55700.00 -13.19830
558 55800.00 -11.34029
559 55900.00 -9.46682
560 56000.00 -7.58033
561 56100.00 -5.68332
562 56200.00 -3.77835
563 56300.00 -1.86802
564 56400.00 0.04498
565 56500.00 1.95791
566 56600.00 3.86794
567 56700.00 5.77216
568 56800.00 7.66755
569 56900.00 9.55100
570 57000.00 11.41930
571 57100.00 13.26910
572 57200.00 15.09694
573 57300.00 16.89921
574 57400.00 18.67215
575 57500.00 20.41187
576 57600.00 22.11427
577 57700.00 23.77510
578 57800.00 25.38993
579 57900.00 26.95410
580 58000.00 28.46276
581 58100.00 29.91084
582 58200.00 31.29304
583 58300.00 32.60382
584 58400.00 33.83740
585 58500.00 34.98775
586 58600.00 36.04860
587 58700.00 37.01342
588 58800.00 37.87546
589 58900.00 38.62774
590 59000.00 39.26306
591 59100.00 39.77409
592 59200.00 40.15332
593 59300.00 40.39321
594 59400.00 40.48619
595 59500.00 40.42479
596 59600.00 40.20174
597 59700.00 39.81011
598 59800.00 39.24342
599 59900.00 38.49592
600 60000.00 37.56268
601 60100.00 36.43991
602 60200.00 35.12515
603 60300.00 33.61753
604 60400.00 31.91801
605 60500.00 30.02962
606 60600.00 27.95762
607 60700.00 25.70966
608 60800.00 23.29582
609 60900.00 20.72862
610 61000.00 18.02281
611 61100.00 15.19525
612 61200.00 12.26452
613 61300.00 9.25054
614 61400.00 6.17411
615 61500.00 3.05643
616 61600.00 -0.08138
617 61700.00 -3.21875
618 61800.00 -6.33604
619 61900.00 -9.41487
620 62000.00 -12.43840
621 62100.00 -15.39146
622 62200.00 -18.26066
623 62300.00 -21.03441
624 62400.00 -23.70288
625 62500.00 -26.25794
626 62600.00 -28.69301
627 62700.00 -31.00298
628 62800.00 -33.18403
629 62900.00 -35.23349
630 63000.00 -37.14972
631 63100.00 -38.93195
632 63200.00 -40.58017
633 63300.00 -42.09501
634 63400.00 -43.47762
635 63500.00 -44.72961
636 63600.00 -45.85295
637 63700.00 -46.84988
638 63800.00 -47.72291
639 63900.00 -48.47470
640 64000.00 -49.10806
641 64100.00 -49.62590
642 64200.00 -50.03119
643 64300.00 -50.32696
644 64400.00 -50.51623
645 64500.00 -50.60207
646 64600.00 -50.58750
647 64700.00 -50.47556
648 64800.00 -50.26921
649 64900.00 -49.97143
650 65000.00 -49.58513
651 65100.00 -49.11318
652 65200.00 -48.55841
653 65300.00 -47.92358
654 65400.00 -47.21145
655 65500.00 -46.42469
656 65600.00 -45.56594
657 65700.00 -44.63779
658 65800.00 -43.64281
659 65900.00 -42.58348
660 66000.00 -41.46229
661 66100.00 -40.28167
662 66200.00 -39.04401
663 66300.00 -37.75170
664 66400.00 -36.40707
665 66500.00 -35.01244
666 66600.00 -33.57010
667 66700.00 -32.08233
668 66800.00 -30.55141
669 66900.00 -28.97958
670 67000.00 -27.36909
671 67100.00 -25.72218
672 67200.00 -24.04110
673 67300.00 -22.32810
674 67400.00 -20.58543
675 67500.00 -18.81537
676 67600.00 -17.02021
677 67700.00 -15.20225
678 67800.00 -13.36384
679 67900.00 -11.50733
680 68000.00 -9.63515
681 68100.00 -7.74972
682 68200.00 -5.85355
683 68300.00 -3.94919
684 68400.00 -2.03923
685 68500.00 -0.12636
686 68600.00 1.78669
687 68700.00 3.69710
688 68800.00 5.60196
689 68900.00 7.49826
690 69000.00 9.38292
691 69100.00 11.25271
692 69200.00 13.10431
693 69300.00 14.93426
694 69400.00 16.73896
695 69500.00 18.51469
696 69600.00 20.25754
697 69700.00 21.96345
698 69800.00 23.62819
699 69900.00 25.24732
