-100 -10000.00 -26.63558
-99 -9900.00 -24.80891
-98 -9800.00 -22.94163
-97 -9700.00 -21.03673
-96 -9600.00 -19.09720
-95 -9500.00 -17.12613
-94 -9400.00 -15.12662
-93 -9300.00 -13.10183
-92 -9200.00 -11.05501
-91 -9100.00 -8.98944
-90 -9000.00 -6.90849
-89 -8900.00 -4.81559
-88 -8800.00 -2.71429
-87 -8700.00 -0.60819
-86 -8600.00 1.49899
-85 -8500.00 3.60344
-84 -8400.00 5.70122
-83 -8300.00 7.78830
-82 -8200.00 9.86051
-81 -8100.00 11.91354
-80 -8000.00 13.94296
-79 -7900.00 15.94419
-78 -7800.00 17.91249
-77 -7700.00 19.84297
-76 -7600.00 21.73058
-75 -7500.00 23.57008
-74 -7400.00 25.35609
-73 -7300.00 27.08303
-72 -7200.00 28.74515
-71 -7100.00 30.33652
-70 -7000.00 31.85106
-69 -6900.00 33.28249
-68 -6800.00 34.62439
-67 -6700.00 35.87020
-66 -6600.00 37.01322
-65 -6500.00 38.04667
-64 -6400.00 38.96367
-63 -6300.00 39.75733
-62 -6200.00 40.42076
-61 -6100.00 40.94714
-60 -6000.00 41.32980
-59 -5900.00 41.56226
-58 -5800.00 41.63833
-57 -5700.00 41.55225
-56 -5600.00 41.29873
-55 -5500.00 40.87314
-54 -5400.00 40.27158
-53 -5300.00 39.49106
-52 -5200.00 38.52960
-51 -5100.00 37.38642
-50 -5000.00 36.06199
-49 -4900.00 34.55825
-48 -4800.00 32.87861
-47 -4700.00 31.02808
-46 -4600.00 29.01329
-45 -4500.00 26.84251
-44 -4400.00 24.52557
-43 -4300.00 22.07383
-42 -4200.00 19.49999
-41 -4100.00 16.81796
-40 -4000.00 14.04266
-39 -3900.00 11.18976
-38 -3800.00 8.27544
-37 -3700.00 5.31615
-36 -3600.00 2.32833
-35 -3500.00 -0.67181
-34 -3400.00 -3.66852
-33 -3300.00 -6.64672
-32 -3200.00 -9.59212
-31 -3100.00 -12.49138
-30 -3000.00 -15.33218
-29 -2900.00 -18.10330
-28 -2800.00 -20.79464
-27 -2700.00 -23.39720
-26 -2600.00 -25.90311
-25 -2500.00 -28.30555
-24 -2400.00 -30.59873
-23 -2300.00 -32.77778
-22 -2200.00 -34.83876
-21 -2100.00 -36.77852
-20 -2000.00 -38.59468
-19 -1900.00 -40.28550
-18 -1800.00 -41.84989
-17 -1700.00 -43.28727
-16 -1600.00 -44.59755
-15 -1500.00 -45.78108
-14 -1400.00 -46.83856
-13 -1300.00 -47.77102
-12 -1200.00 -48.57977
-11 -1100.00 -49.26638
-10 -1000.00 -49.83261
-9 -900.00 -50.28040
-8 -800.00 -50.61184
-7 -700.00 -50.82916
-6 -600.00 -50.93467
-5 -500.00 -50.93079
-4 -400.00 -50.82000
-3 -300.00 -50.60486
-2 -200.00 -50.28794
-1 -100.00 -49.87188
0 0.00 -49.35935
1 100.00 -48.75302
2 200.00 -48.05559
3 300.00 -47.26979
4 400.00 -46.39834
5 500.00 -45.44397
6 600.00 -44.40943
7 700.00 -43.29745
8 800.00 -42.11080
9 900.00 -40.85223
10 1000.00 -39.52449
11 1100.00 -38.13037
12 1200.00 -36.67263
13 1300.00 -35.15407
14 1400.00 -33.57749
15 1500.00 -31.94571
16 1600.00 -30.26154
17 1700.00 -28.52787
18 1800.00 -26.74755
19 1900.00 -24.92350
20 2000.00 -23.05865
21 2100.00 -21.15599
22 2200.00 -19.21853
23 2300.00 -17.24932
24 2400.00 -15.25149
25 2500.00 -13.22818
26 2600.00 -11.18263
27 2700.00 -9.11812
28 2800.00 -7.03802
29 2900.00 -4.94577
30 3000.00 -2.84488
31 3100.00 -0.73898
32 3200.00 1.36825
33 3300.00 3.47298
34 3400.00 5.57129
35 3500.00 7.65916
36 3600.00 9.73241
37 3700.00 11.78676
38 3800.00 13.81778
39 3900.00 15.82089
40 4000.00 17.79138
41 4100.00 19.72435
42 4200.00 21.61477
43 4300.00 23.45741
44 4400.00 25.24690
45 4500.00 26.97767
46 4600.00 28.64398
47 4700.00 30.23993
48 4800.00 31.75941
49 4900.00 33.19618
50 5000.00 34.54383
51 5100.00 35.79580
52 5200.00 36.94540
53 5300.00 37.98584
54 5400.00 38.91027
55 5500.00 39.71179
56 5600.00 40.38350
57 5700.00 40.91859
58 5800.00 41.31036
59 5900.00 41.55232
60 6000.00 41.63827
61 6100.00 41.56241
62 6200.00 41.31943
63 6300.00 40.90464
64 6400.00 40.31410
65 6500.00 39.54475
66 6600.00 38.59456
67 6700.00 37.46266
68 6800.00 36.14944
69 6900.00 34.65674
70 7000.00 32.98789
71 7100.00 31.14779
72 7200.00 29.14297
73 7300.00 26.98160
74 7400.00 24.67342
75 7500.00 22.22969
76 7600.00 19.66303
77 7700.00 16.98729
78 7800.00 14.21733
79 7900.00 11.36878
80 8000.00 8.45780
81 8100.00 5.50082
82 8200.00 2.51430
83 8300.00 -0.48554
84 8400.00 -3.48292
85 8500.00 -6.46269
86 8600.00 -9.41053
87 8700.00 -12.31302
88 8800.00 -15.15779
89 8900.00 -17.93354
90 9000.00 -20.63010
91 9100.00 -23.23841
92 9200.00 -25.75053
93 9300.00 -28.15957
94 9400.00 -30.45967
95 9500.00 -32.64594
96 9600.00 -34.71434
97 9700.00 -36.66171
98 9800.00 -38.48559
99 9900.00 -40.18423
