0 44214.55 -5.68
1 44214.62 -5.68
2 44214.68 -5.68
3 44968.02 10.63
4 44968.96 10.65
5 44969.02 10.65
6 44979.00 10.84
7 44993.90 11.14
8 44993.96 11.14
9 44994.03 11.14
10 45020.91 11.67
11 45021.90 11.69
12 45024.83 11.75
13 45731.97 24.02
14 45763.83 24.49
15 45854.88 25.81
16 46054.94 28.49
17 46086.94 28.89
18 46087.00 28.89
19 48560.56 32.98
20 48773.22 30.52
21 48774.21 30.51
22 49137.91 25.17
23 49143.96 25.07
24 49144.02 25.07
25 49144.09 25.07
26 49144.96 25.05
27 49145.02 25.05
28 49145.08 25.05
29 49145.15 25.05
30 51870.78 -42.07
31 51870.90 -42.08
32 52284.68 -49.42
33 52284.68 -49.42
34 52284.74 -49.42
35 54914.83 -27.59
36 54914.89 -27.59
37 54916.83 -27.54
38 54919.70 -27.48
39 54920.76 -27.45
40 54922.63 -27.41
41 54922.69 -27.41
42 54922.75 -27.41
43 54922.81 -27.41
44 54937.78 -27.06
45 54937.84 -27.06
46 54938.72 -27.04
47 54938.78 -27.04
48 54940.65 -26.99
49 54940.71 -26.99
50 54940.78 -26.99
51 54940.84 -26.99
52 54941.77 -26.97
53 54941.84 -26.96
54 54942.65 -26.95
55 54942.77 -26.94
56 54942.83 -26.94
57 54942.90 -26.94
58 54943.71 -26.92
59 54943.77 -26.92
60 54943.83 -26.92
61 54970.65 -26.29
62 54970.71 -26.29
63 54993.66 -25.75
64 54998.65 -25.64
65 55005.63 -25.47
66 55135.97 -22.40
67 55156.92 -21.90
68 55156.99 -21.90
69 55157.92 -21.88
70 55158.98 -21.85
71 55160.92 -21.81
72 55160.98 -21.81
73 55161.91 -21.78
74 55161.98 -21.78
75 55162.91 -21.76
76 55205.94 -20.74
77 55206.00 -20.74
78 55206.94 -20.71
79 55207.00 -20.71
80 55208.87 -20.67
81 55209.87 -20.64
82 55209.93 -20.64
83 55210.00 -20.64
84 55212.99 -20.57
85 55244.92 -19.81
86 55244.98 -19.81
87 55246.98 -19.76
88 55389.66 -16.36
89 56670.35 12.09
90 56717.37 12.99
91 56748.30 13.58
92 57100.34 19.89
93 57101.15 19.90
94 57748.29 29.29
95 57748.35 29.30
96 57802.23 29.94
97 57802.42 29.94
98 57829.36 30.25
99 58140.43 33.46
100 58200.23 33.99
101 58542.42 36.43
102 58580.08 36.64
103 58851.30 37.76
104 58870.26 37.81
105 58870.38 37.81
106 58871.19 37.82
107 58871.26 37.82
108 58873.31 37.82
109 58873.44 37.82
110 58880.17 37.84
111 58909.30 37.91
112 58926.14 37.95
113 58931.13 37.96
